<?xml version="1.0" encoding="UTF-8"?>
<!-- Generated by org.testng.reporters.JUnitXMLReporter -->
<testsuite ignored="0" hostname="DESKTOP-SK910QI" failures="0" tests="3" name="Test" time="45.251" errors="0" timestamp="2022-05-13T21:01:30 IST">
  <testcase classname="remoteTesting.dockerValidation.chromeTest1" name="@BeforeTest startDockerScale" time="45.12">
    <failure type="java.lang.AssertionError" message="expected [true] but found [false]">
      <![CDATA[java.lang.AssertionError: expected [true] but found [false]
at remoteTesting.dockerValidation.startDocker.startFile(startDocker.java:56)
at remoteTesting.dockerValidation.chromeTest1.startDockerScale(chromeTest1.java:27)
... Removed 28 stack frames]]>
    </failure>
  </testcase> <!-- @BeforeTest startDockerScale -->
  <testcase classname="remoteTesting.dockerValidation.chromeTest1" name="@AfterTest stopDockerDelete" time="-1.652455890656E9">
    <skipped/>
  </testcase> <!-- @AfterTest stopDockerDelete -->
  <testcase classname="remoteTesting.dockerValidation.chromeTest1" name="test1" time="0.0">
    <skipped/>
  </testcase> <!-- test1 -->
  <testcase classname="remoteTesting.dockerValidation.chromeTest2" name="test2" time="0.0">
    <skipped/>
  </testcase> <!-- test2 -->
  <testcase classname="remoteTesting.dockerValidation.chromeTest3" name="test3" time="0.0">
    <skipped/>
  </testcase> <!-- test3 -->
</testsuite> <!-- Test -->
